{"name": "Verify Parametric Histogram Report error tabs -- @1.1 ", "status": "failed", "statusDetails": {"message": "AssertionError: 'DataBaseConfig' object has no attribute 'query_data'\n", "trace": "  File \"E:\\Tasks\\YieldWerx_AWS_Repo\\ywtestauto\\venv\\lib\\site-packages\\behave\\model.py\", line 1329, in run\n    match.run(runner.context)\n  File \"E:\\Tasks\\YieldWerx_AWS_Repo\\ywtestauto\\venv\\lib\\site-packages\\behave\\matchers.py\", line 98, in run\n    self.func(context, *args, **kwargs)\n  File \"features\\steps\\create_policy_step.py\", line 172, in get_name_of_columns\n    load_policy_Page.get_name_of_table_column(context, table_name, policy_name, file_path)\n  File \"E:\\Tasks\\YieldWerx_AWS_Repo\\ywtestauto\\pages\\createpolicy.py\", line 878, in get_name_of_table_column\n    assert False, e\n"}, "steps": [{"name": "Then I connect to YW database", "status": "passed", "start": 1655652641106, "stop": 1655652643885}, {"name": "Given I am on login screen", "status": "passed", "start": 1655652643885, "stop": 1655652659902}, {"name": "When I enter the valid Login credential", "status": "passed", "start": 1655652659902, "stop": 1655652660909}, {"name": "And I hit login button", "status": "passed", "start": 1655652660910, "stop": 1655652661167}, {"name": "And I verify dashboard is displayed", "status": "passed", "start": 1655652661168, "stop": 1655652664575}, {"name": "Then I click on \"Histogram\" from menu", "status": "passed", "start": 1655652664576, "stop": 1655652664829}, {"name": "Then I select selection criteria button", "status": "passed", "start": 1655652664830, "stop": 1655652665020}, {"name": "Then I verify the selection criteria window in displayed", "status": "passed", "attachments": [{"name": "Selection criteria", "source": "4bf57369-4dcb-4d82-a551-4486a0f44e89-attachment.png", "type": "image/png"}], "start": 1655652665021, "stop": 1655652665415}, {"name": "Then I get the Facility ,Wafer, Lot, Test Parameter names of column against Loader policy from marked_parametric_file_path from data base", "status": "failed", "statusDetails": {"message": "AssertionError: 'DataBaseConfig' object has no attribute 'query_data'\n", "trace": "  File \"E:\\Tasks\\YieldWerx_AWS_Repo\\ywtestauto\\venv\\lib\\site-packages\\behave\\model.py\", line 1329, in run\n    match.run(runner.context)\n  File \"E:\\Tasks\\YieldWerx_AWS_Repo\\ywtestauto\\venv\\lib\\site-packages\\behave\\matchers.py\", line 98, in run\n    self.func(context, *args, **kwargs)\n  File \"features\\steps\\create_policy_step.py\", line 172, in get_name_of_columns\n    load_policy_Page.get_name_of_table_column(context, table_name, policy_name, file_path)\n  File \"E:\\Tasks\\YieldWerx_AWS_Repo\\ywtestauto\\pages\\createpolicy.py\", line 878, in get_name_of_table_column\n    assert False, e\n"}, "attachments": [{"name": "Error in get the names of column against facility name :  Test parametricHistogram 644", "source": "94c25858-e8ca-44f9-8392-33e030c7a702-attachment.txt", "type": "text/plain"}, {"name": "Error in getting name of Facility ,Wafer, Lot, Test Parameter data from marked file", "source": "19aed58b-7ac6-4b51-96c7-44ec17f9c39a-attachment.txt", "type": "text/plain"}], "start": 1655652665415, "stop": 1655652665506}, {"name": "Then I select the Facility,Wafer, Lot, One Test Parameter from selection criteria", "status": "skipped", "start": 1655652668294, "stop": 1655652668294}, {"name": "Then I click on Select and Close button", "status": "skipped", "start": 1655652668294, "stop": 1655652668294}, {"name": "Then I generate the report", "status": "skipped", "start": 1655652668294, "stop": 1655652668294}, {"name": "Then I click on errors tab", "status": "skipped", "start": 1655652668294, "stop": 1655652668295}, {"name": "Then I connect to YW database", "status": "skipped", "start": 1655652668295, "stop": 1655652668295}, {"name": "Then I get the data from Errors Grid View", "status": "skipped", "start": 1655652668295, "stop": 1655652668295}, {"name": "Then Save in expected_legend_histo across data_tab_grid test database", "status": "skipped", "start": 1655652668295, "stop": 1655652668295}, {"name": "Then I get the expected_legend_histo across data_tab_grid from test automation database", "status": "skipped", "start": 1655652668295, "stop": 1655652668295}, {"name": "Then I verify the errors tab", "status": "skipped", "start": 1655652668295, "stop": 1655652668295}], "attachments": [{"name": "Verify Parametric Histogram Report error tabs -- @1.1 ", "source": "92eb8dc1-6a80-4da2-acfb-18373f8249f0-attachment.png", "type": "image/png"}], "parameters": [{"name": "Credential", "value": "Login"}, {"name": "table_data", "value": "Facility ,Wafer, Lot, Test Parameter"}, {"name": "table_name", "value": "Facility,Wafer, Lot, One Test Parameter"}, {"name": "policyName", "value": "Loader"}, {"name": "markFilePath", "value": "marked_parametric_file_path"}, {"name": "expected_result_col", "value": "expected_legend_histo"}, {"name": "expected_result_key", "value": "data_tab_grid"}], "start": 1655652641105, "stop": 1655652668295, "uuid": "6a2b83a4-5326-4f99-883a-54864eedbe7d", "historyId": "6064648087c8ef676a7dabc13ce2b5ff", "fullName": "Verification of Parametric Histogram: Verify Parametric Histogram Report error tabs", "labels": [{"name": "severity", "value": "normal"}, {"name": "tag", "value": "errors_tab"}, {"name": "tag", "value": "parametric_histogram"}, {"name": "tag", "value": "parametric_histogram_report"}, {"name": "tag", "value": "report"}, {"name": "feature", "value": "Verification of Parametric Histogram"}, {"name": "framework", "value": "behave"}, {"name": "language", "value": "cpython3"}]}